<?xml version="1.0" encoding="UTF-8"?>
<robot generator="Robot 3.2.2 (Python 3.9.5 on darwin)" generated="20210521 12:40:01.577" rpa="false">
<suite id="s1" name="ModelTests" source="/Users/spacewell/eclipse-workspace/Solibri Robot Test POC/tests/IntegrationTests/ModelTests.robot">
<test id="s1-t1" name="Test Open Model">
<kw name="Open Model" library="Remote">
<doc>Opens an IFC model in Solibri</doc>
<arguments>
<arg>/Applications/Solibri/Samples/ifc/SMC Building.ifc</arg>
</arguments>
<assign>
<var>@{result}</var>
</assign>
<msg timestamp="20210521 12:40:01.705" level="FAIL">IO Exception in opening IFC File:/Applications/Solibri/Samples/ifc/SMC Building.ifc</msg>
<status status="FAIL" starttime="20210521 12:40:01.697" endtime="20210521 12:40:01.705"></status>
</kw>
<status status="FAIL" starttime="20210521 12:40:01.696" endtime="20210521 12:40:01.705" critical="yes">IO Exception in opening IFC File:/Applications/Solibri/Samples/ifc/SMC Building.ifc</status>
</test>
<status status="FAIL" starttime="20210521 12:40:01.579" endtime="20210521 12:40:01.706"></status>
</suite>
<statistics>
<total>
<stat pass="0" fail="1">Critical Tests</stat>
<stat pass="0" fail="1">All Tests</stat>
</total>
<tag>
</tag>
<suite>
<stat pass="0" fail="1" id="s1" name="ModelTests">ModelTests</stat>
</suite>
</statistics>
<errors>
</errors>
</robot>
